10:04:20,456  INFO Util:31 - Util.conectar - lendo arquivo util.properties: 
10:04:20,461  INFO Util:38 - sgbd => postgresql
10:04:20,461  INFO Util:39 - banco => vendaKRAMER
10:04:20,461  INFO Util:40 - ip => localhost
10:04:20,461  INFO Util:45 - configurando postgresql
10:04:20,490 DEBUG logging:38 - Logging Provider: org.jboss.logging.Log4jLoggerProvider
10:04:20,617  INFO LogHelper:31 - HHH000204: Processing PersistenceUnitInfo [name: hibernate-postgresql]
10:04:20,673  INFO Version:44 - HHH000412: Hibernate ORM core version 6.3.1.Final
10:04:20,711 DEBUG RegionFactoryInitiator:122 - Cannot default RegionFactory based on registered strategies as `[]` RegionFactory strategies were registered
10:04:20,713  INFO RegionFactoryInitiator:50 - HHH000026: Second-level cache disabled
10:04:20,992  WARN pooling:80 - HHH10001002: Using built-in connection pool (not intended for production use)
10:04:20,997  INFO pooling:135 - HHH10001005: Loaded JDBC driver class: org.postgresql.Driver
10:04:20,997  INFO pooling:157 - HHH10001012: Connecting with JDBC URL [jdbc:postgresql://localhost:5432/vendaKRAMER]
10:04:20,998  INFO pooling:166 - HHH10001001: Connection properties: {password=****, user=postgres}
10:04:20,998  INFO pooling:170 - HHH10001003: Autocommit mode: false
10:04:21,002  INFO pooling:366 - HHH10001115: Connection pool size: 20 (min=1)
10:04:21,253  WARN deprecation:152 - HHH90000025: PostgreSQLDialect does not need to be specified explicitly using 'hibernate.dialect' (remove the property setting and it will be selected by default)
10:04:22,343  INFO JtaPlatformInitiator:58 - HHH000489: No JTA platform available (set 'hibernate.transaction.jta.platform' to enable JTA platform integration)
10:04:22,366  INFO access:52 - HHH10001501: Connection obtained from JdbcConnectionAccess [org.hibernate.engine.jdbc.env.internal.JdbcEnvironmentInitiator$ConnectionProviderJdbcConnectionAccess@776015fc] for (non-JTA) DDL execution was not in auto-commit mode; the Connection 'local transaction' will be committed and the Connection will be set into auto-commit mode.
10:04:22,770 DEBUG SQL:135 - select v1_0.id,v1_0.data,v1_0.desconto,v1_0.valorpago,v1_0.valortotal from Venda v1_0 order by v1_0.id
10:04:22,810 DEBUG SQL:135 - select p1_0.Venda_id,p1_1.nome,p1_1.preco,tp1_0.nome from Venda_Produto p1_0 join Produto p1_1 on p1_1.nome=p1_0.produtos_nome left join TipoProduto tp1_0 on tp1_0.nome=p1_1.tipoProduto_nome where p1_0.Venda_id=?
10:04:22,810 TRACE bind:24 - binding parameter (1:INTEGER) <- [1]
10:04:22,820 DEBUG SQL:135 - select p1_0.Venda_id,p1_1.nome,p1_1.preco,tp1_0.nome from Venda_Produto p1_0 join Produto p1_1 on p1_1.nome=p1_0.produtos_nome left join TipoProduto tp1_0 on tp1_0.nome=p1_1.tipoProduto_nome where p1_0.Venda_id=?
10:04:22,820 TRACE bind:24 - binding parameter (1:INTEGER) <- [2]
10:04:22,844 DEBUG SQL:135 - select p1_0.nome,p1_0.preco,p1_0.tipoProduto_nome,v1_0.Produto_nome,v1_1.id,v1_1.data,v1_1.desconto,v1_1.valorpago,v1_1.valortotal from Produto p1_0 left join (Produto_Venda v1_0 join Venda v1_1 on v1_1.id=v1_0.vendas_id) on p1_0.nome=v1_0.Produto_nome order by p1_0.nome
10:04:22,850 DEBUG SQL:135 - select tp1_0.nome from TipoProduto tp1_0 where tp1_0.nome=?
10:04:22,851 TRACE bind:24 - binding parameter (1:VARCHAR) <- [Frutas]
10:04:22,853 DEBUG SQL:135 - select tp1_0.nome from TipoProduto tp1_0 where tp1_0.nome=?
10:04:22,853 TRACE bind:24 - binding parameter (1:VARCHAR) <- [Bebidas]
10:04:22,854 DEBUG SQL:135 - select tp1_0.nome from TipoProduto tp1_0 where tp1_0.nome=?
10:04:22,854 TRACE bind:24 - binding parameter (1:VARCHAR) <- [Doces]
10:04:22,859 DEBUG SQL:135 - select tp1_0.nome from TipoProduto tp1_0 order by tp1_0.nome
10:04:22,862 DEBUG SQL:135 - select p1_0.tipoProduto_nome,p1_0.nome,p1_0.preco from Produto p1_0 where p1_0.tipoProduto_nome=?
10:04:22,862 TRACE bind:24 - binding parameter (1:VARCHAR) <- [Bebidas]
10:04:22,863 DEBUG SQL:135 - select tp1_0.nome from TipoProduto tp1_0 where tp1_0.nome=?
10:04:22,863 TRACE bind:24 - binding parameter (1:VARCHAR) <- [Bebidas]
10:04:22,865 DEBUG SQL:135 - select p1_0.tipoProduto_nome,p1_0.nome,p1_0.preco from Produto p1_0 where p1_0.tipoProduto_nome=?
10:04:22,865 TRACE bind:24 - binding parameter (1:VARCHAR) <- [Diversos]
10:04:22,866 DEBUG SQL:135 - select p1_0.tipoProduto_nome,p1_0.nome,p1_0.preco from Produto p1_0 where p1_0.tipoProduto_nome=?
10:04:22,866 TRACE bind:24 - binding parameter (1:VARCHAR) <- [Doces]
10:04:22,867 DEBUG SQL:135 - select tp1_0.nome from TipoProduto tp1_0 where tp1_0.nome=?
10:04:22,867 TRACE bind:24 - binding parameter (1:VARCHAR) <- [Doces]
10:04:22,869 DEBUG SQL:135 - select p1_0.tipoProduto_nome,p1_0.nome,p1_0.preco from Produto p1_0 where p1_0.tipoProduto_nome=?
10:04:22,869 TRACE bind:24 - binding parameter (1:VARCHAR) <- [Frutas]
10:04:22,870 DEBUG SQL:135 - select tp1_0.nome from TipoProduto tp1_0 where tp1_0.nome=?
10:04:22,870 TRACE bind:24 - binding parameter (1:VARCHAR) <- [Frutas]
